
Showing logs for build [32mvicky-socs-different-branch-tri-64b92-1[0m stage [32mfrom-build-pack[0m and container [32mstep-credential-initializer-8zw8c[0m
{"level":"warn","ts":1584442556.0213354,"logger":"fallback-logger","caller":"logging/config.go:69","msg":"Fetch GitHub commit ID from kodata failed: \"ref: refs/heads/0.8.0-**-support-backwards-incompats\" is not a valid GitHub commit ID"}
{"level":"info","ts":1584442556.0216596,"logger":"fallback-logger","caller":"creds-init/main.go:40","msg":"Credentials initialized."}

Showing logs for build [32mvicky-socs-different-branch-tri-64b92-1[0m stage [32mfrom-build-pack[0m and container [32mstep-working-dir-initializer-kd8l5[0m
{"level":"warn","ts":1584442557.0417204,"logger":"fallback-logger","caller":"logging/config.go:69","msg":"Fetch GitHub commit ID from kodata failed: open /var/run/ko/HEAD: no such file or directory"}
{"level":"info","ts":1584442557.0503702,"logger":"fallback-logger","caller":"bash/main.go:64","msg":"Successfully executed command \"sh -c mkdir -p /workspace/source\"; output "}

Showing logs for build [32mvicky-socs-different-branch-tri-64b92-1[0m stage [32mfrom-build-pack[0m and container [32mstep-place-tools[0m

Showing logs for build [32mvicky-socs-different-branch-tri-64b92-1[0m stage [32mfrom-build-pack[0m and container [32mstep-git-source-vicky-socs-different-branch-tri-64b92-r9c95[0m
{"level":"warn","ts":1584442562.134045,"logger":"fallback-logger","caller":"logging/config.go:69","msg":"Fetch GitHub commit ID from kodata failed: \"ref: refs/heads/0.8.0-**-support-backwards-incompats\" is not a valid GitHub commit ID"}
{"level":"info","ts":1584442564.8564258,"logger":"fallback-logger","caller":"git/git.go:103","msg":"Successfully cloned https://github.com/vicky-socs/different-branch-trigger.git @ master in path /workspace/source"}

Showing logs for build [32mvicky-socs-different-branch-tri-64b92-1[0m stage [32mfrom-build-pack[0m and container [32mstep-git-merge[0m
Using SHAs from PULL_REFS=development:0290c5e2057936acb487ffa84dd346684bc1499c,1:99e6f0acfd489f227dd1a328a9b8334462adaffd
DEBUG: LC_ALL=C JX_LOG_LEVEL=error git fetch origin --unshallow 99e6f0acfd489f227dd1a328a9b8334462adaffd: 0290c5e2057936acb487ffa84dd346684bc1499c:
DEBUG: ran git fetch --unshallow origin 99e6f0acfd489f227dd1a328a9b8334462adaffd: 0290c5e2057936acb487ffa84dd346684bc1499c: in 
DEBUG: LC_ALL=C JX_LOG_LEVEL=error git branch
DEBUG: LC_ALL=C JX_LOG_LEVEL=error git branch development
DEBUG: LC_ALL=C JX_LOG_LEVEL=error git checkout development
DEBUG: ran git checkout development in 
DEBUG: LC_ALL=C JX_LOG_LEVEL=error git reset --hard 0290c5e2057936acb487ffa84dd346684bc1499c
DEBUG: ran git reset --hard 0290c5e2057936acb487ffa84dd346684bc1499c in 
DEBUG: LC_ALL=C JX_LOG_LEVEL=error git clean -fd .
DEBUG: ran clean --force -d . in 
DEBUG: LC_ALL=C JX_LOG_LEVEL=error git merge 99e6f0acfd489f227dd1a328a9b8334462adaffd
DEBUG: ran git merge 99e6f0acfd489f227dd1a328a9b8334462adaffd in 
DEBUG: LC_ALL=C JX_LOG_LEVEL=error git log --format=%H%x1f%an%x1f%ae%x1f%cn%x1f%ce%x1f%s%n%b%x1e 0290c5e2057936acb487ffa84dd346684bc1499c..HEAD
Merged SHA 99e6f0acfd489f227dd1a328a9b8334462adaffd with commit message 'test 1' into base branch development
Merged SHA 7e299d32a9c04b272f1f1609d29f3822d7625914 with commit message 'Draft create' into base branch development

Showing logs for build [32mvicky-socs-different-branch-tri-64b92-1[0m stage [32mfrom-build-pack[0m and container [32mstep-build-python-unittest[0m

----------------------------------------------------------------------
Ran 0 tests in 0.000s

OK

Showing logs for build [32mvicky-socs-different-branch-tri-64b92-1[0m stage [32mfrom-build-pack[0m and container [32mstep-build-container-build[0m
[36mINFO[0m[0000] Downloading base image python:onbuild        
2020/03/17 10:56:08 No matching credentials were found, falling back on anonymous
[36mINFO[0m[0002] Error while retrieving image from cache: getting file info: stat /workspace/sha256:43780a8431c53f4afd734ad795e03127c0c607337a60639c5903a51a03535c22: no such file or directory 
[36mINFO[0m[0002] Downloading base image python:onbuild        
2020/03/17 10:56:11 No matching credentials were found, falling back on anonymous
[36mINFO[0m[0004] Executing 3 build triggers                   
[36mINFO[0m[0004] Using files from context: [/workspace/source/requirements.txt] 
[36mINFO[0m[0004] Checking for cached layer 685249416972.dkr.ecr.ap-south-1.amazonaws.com/todo/cache:20ed5631d983ab35ddcc4224cde40d34ba4dcc68c4ee26635bbf30d01c3c2af6... 
[36mINFO[0m[0004] Using caching version of cmd: RUN pip install --no-cache-dir -r requirements.txt 
[36mINFO[0m[0004] Using files from context: [/workspace/source] 
[36mINFO[0m[0004] Using files from context: [/workspace/source/requirements.txt] 
[36mINFO[0m[0004] cmd: EXPOSE                                  
[36mINFO[0m[0004] Adding exposed port: 8080/tcp                
[36mINFO[0m[0004] Skipping unpacking as no commands require it. 
[36mINFO[0m[0004] Taking snapshot of full filesystem...        
[36mINFO[0m[0004] Using files from context: [/workspace/source/requirements.txt] 
[36mINFO[0m[0004] COPY requirements.txt /usr/src/app/          
[36mINFO[0m[0004] Taking snapshot of files...                  
[36mINFO[0m[0004] RUN pip install --no-cache-dir -r requirements.txt 
[36mINFO[0m[0004] Found cached layer, extracting to filesystem 
[36mINFO[0m[0005] Taking snapshot of files...                  
[36mINFO[0m[0005] Using files from context: [/workspace/source] 
[36mINFO[0m[0005] COPY . /usr/src/app                          
[36mINFO[0m[0005] Taking snapshot of files...                  
[36mINFO[0m[0005] Using files from context: [/workspace/source/requirements.txt] 
[36mINFO[0m[0005] COPY requirements.txt .                      
[36mINFO[0m[0005] Taking snapshot of files...                  
[36mINFO[0m[0005] ENV PORT 8080                                
[36mINFO[0m[0005] No files changed in this command, skipping snapshotting. 
[36mINFO[0m[0005] EXPOSE 8080                                  
[36mINFO[0m[0005] cmd: EXPOSE                                  
[36mINFO[0m[0005] Adding exposed port: 8080/tcp                
[36mINFO[0m[0005] No files changed in this command, skipping snapshotting. 
[36mINFO[0m[0005] ENTRYPOINT ["python"]                        
[36mINFO[0m[0005] No files changed in this command, skipping snapshotting. 
[36mINFO[0m[0005] CMD ["app.py"]                               
[36mINFO[0m[0005] No files changed in this command, skipping snapshotting. 
2020/03/17 10:56:14 existing blob: sha256:ece825d3308bbf98f708d95475ccd880497a1e2979ff4ef2534d49049a18488f
2020/03/17 10:56:14 existing blob: sha256:490280dbcfb772eb5731f059e38fcfacaeb75b4d005af7c249fd51926db2bd62
2020/03/17 10:56:14 existing blob: sha256:f0db43b9b8da254cebc77bf871006df01219e195b9853616b9f708f124a00f3a
2020/03/17 10:56:14 existing blob: sha256:e10b68fb77e6e91453cd4c1b02e2d77aa23a857cd8eb250617129d074478e1a5
2020/03/17 10:56:14 existing blob: sha256:e96bc319bce0351d1157092352bc5f85f8800c745388e60e86d06dec99285b45
2020/03/17 10:56:14 existing blob: sha256:06854774e2f35e4763103a446112c67322913a6177bea69eb49663e0166e6d6d
2020/03/17 10:56:14 existing blob: sha256:e2c0fb34dff3a1d32346b92e53fb88a14d1987b402a2348cb379c039687fabe2
2020/03/17 10:56:14 existing blob: sha256:2d21c767035c4593de8bf7ad9781aa83ba110871d1a50871192f4e3480e6f11d
2020/03/17 10:56:14 existing blob: sha256:1c7fe136a31e13a1c879245672184ced3b9fc590989ba42a522a57b071a9c1aa
2020/03/17 10:56:14 pushed blob: sha256:82a3515e343d4edeb91abf0a9e1334c2f39ae7d5b05d3d424a109c6ac29c4a06
2020/03/17 10:56:14 pushed blob: sha256:846c3973597174de21e5a275db618bdc89b244501f5c318243912d37ee5a7637
2020/03/17 10:56:14 pushed blob: sha256:f2b7acf2b0454e2415a731432257759df3162802937d218745f1c9fc16206cf8
2020/03/17 10:56:14 pushed blob: sha256:940c0fc2c1afe2da054db378d5ad8ae1f51a3af944d09c46ca21637d64f90f60
2020/03/17 10:56:14 pushed blob: sha256:9b5eef45cc86f550567083f631d37affe9ff9b8b8ba68ea7178cefce210b60b2
2020/03/17 10:56:15 685249416972.dkr.ecr.ap-south-1.amazonaws.com/vicky-socs/different-branch-trigger:0.0.0-SNAPSHOT-PR-1-1: digest: sha256:310d6a53b647c7d9ed8e1c4c61eed822d566e361064fb7c750b7dfbd2f91e8f5 size: 2385

Showing logs for build [32mvicky-socs-different-branch-tri-64b92-1[0m stage [32mfrom-build-pack[0m and container [32mstep-postbuild-post-build[0m
no CVE provider running in the current ** namespace so skip adding image to be analysed

Showing logs for build [32mvicky-socs-different-branch-tri-64b92-1[0m stage [32mfrom-build-pack[0m and container [32mstep-promote-make-preview[0m
sed -i -e "s/version:.*/version: 0.0.0-SNAPSHOT-PR-1-1/" Chart.yaml
sed -i -e "s/version:.*/version: 0.0.0-SNAPSHOT-PR-1-1/" ../*/Chart.yaml
sed -i -e "s|repository:.*|repository: 685249416972.dkr.ecr.ap-south-1.amazonaws.com\/vicky-socs\/different-branch-trigger|" values.yaml
sed -i -e "s/tag:.*/tag: 0.0.0-SNAPSHOT-PR-1-1/" values.yaml
echo "  version: 0.0.0-SNAPSHOT-PR-1-1" >> requirements.yaml
** step helm build
WARNING: No $CHART_REPOSITORY defined so using the default value of: http://jenkins-x-chartmuseum:8080
Adding missing Helm repo: storage.googleapis.com https://storage.googleapis.com/chartmuseum.jenkins-x.io
Successfully added Helm repository storage.googleapis.com.
Adding missing Helm repo: jenkins-x-chartmuseum http://jenkins-x-chartmuseum:8080
Successfully added Helm repository jenkins-x-chartmuseum.
WARNING: No $CHART_REPOSITORY defined so using the default value of: http://jenkins-x-chartmuseum:8080
Adding missing Helm repo: chartmuseum.jenkins-x.io http://chartmuseum.jenkins-x.io
Successfully added Helm repository chartmuseum.jenkins-x.io.

Showing logs for build [32mvicky-socs-different-branch-tri-64b92-1[0m stage [32mfrom-build-pack[0m and container [32mstep-promote-jx-preview[0m
Creating a preview
Created environment vicky-socs-different-branch-trigger-pr-1
Namespace **-vicky-socs-different-branch-trigger-pr-1 created 
expose:
  Annotations:
    helm.sh/hook: post-install,post-upgrade
    helm.sh/hook-delete-policy: hook-succeeded
  config:
    domain: 3.7.33.163.nip.io
    exposer: Ingress
    http: "true"
preview:
  image:
    repository: 685249416972.dkr.ecr.ap-south-1.amazonaws.com/vicky-socs/different-branch-trigger
    tag: 0.0.0-SNAPSHOT-PR-1-1

Updating PipelineActivities vicky-socs-different-branch-trigger-pr-1-1 which has status Running
Preview application is now available at: http://different-branch-trigger.**-vicky-socs-different-branch-trigger-pr-1.3.7.33.163.nip.io
